2025-11-13 21:49:37 - root - INFO - [main_program.py:981] - ============================================================
2025-11-13 21:49:37 - root - INFO - [main_program.py:982] - Application Starting
2025-11-13 21:49:37 - root - INFO - [main_program.py:983] - ============================================================
2025-11-13 21:49:37 - root - DEBUG - [main_program.py:998] - Executing procedure 1 of 20
2025-11-13 21:49:37 - __main__ - INFO - [main_program.py:126] - Procedure 01: Initializing application configuration
2025-11-13 21:49:37 - __main__ - DEBUG - [main_program.py:127] - Loading default configuration values
2025-11-13 21:49:37 - __main__ - INFO - [main_program.py:139] - Protected input directory and files as read-only (555)
2025-11-13 21:49:37 - __main__ - DEBUG - [main_program.py:140] - Set permissions to r-xr-xr-x for input directory
2025-11-13 21:49:37 - __main__ - INFO - [main_program.py:149] - Last week date: 2025-11-08
2025-11-13 21:49:37 - __main__ - INFO - [main_program.py:150] - Next week date: 2025-11-15
2025-11-13 21:49:37 - __main__ - DEBUG - [main_program.py:158] - Removed existing file: 2025-11-15 Saturday Prayer Breakfast Agenda.md
2025-11-13 21:49:37 - __main__ - INFO - [main_program.py:161] - Created next week agenda: 2025-11-15 Saturday Prayer Breakfast Agenda.md
2025-11-13 21:49:37 - __main__ - DEBUG - [main_program.py:162] - Copied from input/2025-11-08 Saturday Prayer Breakfast Agenda.md to output/2025-11-15 Saturday Prayer Breakfast Agenda.md
2025-11-13 21:49:37 - __main__ - INFO - [main_program.py:166] - Changed file permissions to 777 (rwxrwxrwx)
2025-11-13 21:49:37 - __main__ - DEBUG - [main_program.py:167] - File permissions updated for 2025-11-15 Saturday Prayer Breakfast Agenda.md
2025-11-13 21:49:37 - __main__ - INFO - [main_program.py:177] - Updated title from 'North Seminole County Gideons - 2025-11-08 Saturday Prayer Breakfast Agenda' to 'North Seminole County Gideons - 2025-11-15 Saturday Prayer Breakfast Agenda'
2025-11-13 21:49:37 - __main__ - DEBUG - [main_program.py:178] - File content updated successfully
2025-11-13 21:49:37 - root - DEBUG - [main_program.py:1004] - Procedure 1 completed successfully
2025-11-13 21:49:37 - root - DEBUG - [main_program.py:998] - Executing procedure 2 of 20
2025-11-13 21:49:37 - __main__ - INFO - [main_program.py:195] - Procedure 02: Updating Bible Reading Rotation
2025-11-13 21:49:37 - __main__ - DEBUG - [main_program.py:196] - Reading Bible rotation schedule from hq2.md
2025-11-13 21:49:37 - __main__ - DEBUG - [main_program.py:211] - Looking for reading for NOVEMBER 15
2025-11-13 21:49:37 - __main__ - INFO - [main_program.py:232] - Found Bible reading for NOVEMBER 15: Hebrews 11:1-19
2025-11-13 21:49:37 - __main__ - INFO - [main_program.py:244] - Updated Bible Reading Rotation to: Hebrews 11:1-19
2025-11-13 21:49:37 - __main__ - DEBUG - [main_program.py:245] - Bible reading rotation updated successfully
2025-11-13 21:49:37 - root - DEBUG - [main_program.py:1004] - Procedure 2 completed successfully
2025-11-13 21:49:37 - root - DEBUG - [main_program.py:998] - Executing procedure 3 of 20
2025-11-13 21:49:37 - __main__ - INFO - [main_program.py:260] - Procedure 03: Updating Prayer Card rotation
2025-11-13 21:49:37 - __main__ - DEBUG - [main_program.py:261] - Reading Prayer Card schedule from prayer.md
2025-11-13 21:49:37 - __main__ - DEBUG - [main_program.py:286] - Current prayer card page: 37, next page: 38
2025-11-13 21:49:37 - __main__ - INFO - [main_program.py:311] - Next prayer card: Prayer Card Together - Page 38 II—STUDYING: 4. II Timothy 3:16-17
2025-11-13 21:49:37 - __main__ - INFO - [main_program.py:318] - Updated Prayer Card from Page 37 to Page 38
2025-11-13 21:49:37 - __main__ - DEBUG - [main_program.py:319] - Prayer card rotation updated successfully
2025-11-13 21:49:37 - root - DEBUG - [main_program.py:1004] - Procedure 3 completed successfully
2025-11-13 21:49:37 - root - DEBUG - [main_program.py:998] - Executing procedure 4 of 20
2025-11-13 21:49:37 - __main__ - INFO - [main_program.py:334] - Procedure 04: Updating International Reading
2025-11-13 21:49:37 - __main__ - DEBUG - [main_program.py:335] - Reading International schedule from hq1.md
2025-11-13 21:49:37 - __main__ - DEBUG - [main_program.py:349] - Looking for DAY 15
2025-11-13 21:49:37 - __main__ - INFO - [main_program.py:361] - Found International Reading for DAY 15
2025-11-13 21:49:37 - __main__ - DEBUG - [main_program.py:362] - Content length: 620 characters
2025-11-13 21:49:37 - __main__ - INFO - [main_program.py:378] - Updated International Reading to DAY 15
2025-11-13 21:49:37 - __main__ - DEBUG - [main_program.py:379] - International reading updated successfully
2025-11-13 21:49:37 - root - DEBUG - [main_program.py:1004] - Procedure 4 completed successfully
2025-11-13 21:49:37 - root - DEBUG - [main_program.py:998] - Executing procedure 5 of 20
2025-11-13 21:49:37 - __main__ - INFO - [main_program.py:397] - Procedure 05: Updating State Reading
2025-11-13 21:49:37 - __main__ - DEBUG - [main_program.py:398] - Reading State schedule from fl.md
2025-11-13 21:49:37 - __main__ - DEBUG - [main_program.py:412] - Looking for Day 15
2025-11-13 21:49:37 - __main__ - INFO - [main_program.py:460] - Found State Reading for Day 15
2025-11-13 21:49:37 - __main__ - DEBUG - [main_program.py:461] - Formatted content:
State Reading by Alvin Beverly
Adrian Roman (ELDAA) - STATE REGIONAL DIRECTOR
**Area Directors:**
- **SE09** - Jack Walton (Diane)
- **SE12** - Mike McGarrigle (Lisa)
- **SE17** - Stephen Cornwell (Carol)
- **SE18** - Joseph Tang
- **SE19** - Javier Morejon (Christie)
**Camps:** Palm Beach Central, Palm Beach North
*Psalm 19:7-8*
2025-11-13 21:49:37 - __main__ - INFO - [main_program.py:475] - Updated State Reading to Day 15
2025-11-13 21:49:37 - __main__ - DEBUG - [main_program.py:476] - State reading updated successfully
2025-11-13 21:49:37 - root - DEBUG - [main_program.py:1004] - Procedure 5 completed successfully
2025-11-13 21:49:37 - root - DEBUG - [main_program.py:998] - Executing procedure 6 of 20
2025-11-13 21:49:37 - __main__ - INFO - [main_program.py:494] - Procedure 06: Updating Widow Prayer
2025-11-13 21:49:37 - __main__ - DEBUG - [main_program.py:495] - Reading Widow schedule from widow.md
2025-11-13 21:49:37 - __main__ - DEBUG - [main_program.py:509] - Looking for section 15
2025-11-13 21:49:37 - __main__ - INFO - [main_program.py:548] - Found Widow Prayer for section 15: Southeast Region – SE12 (cont'd)
2025-11-13 21:49:37 - __main__ - DEBUG - [main_program.py:549] - Formatted content:
Pray for the Widows by Donald Tise - 15. Southeast Region – SE12 (cont'd)
Indian River - Patricia Dodson, Rachel Meeks,  - Melbourne/Viera - Blanche Lorber, Brenda Ollis,  - Palm Bay - Harriet Wall, 
2025-11-13 21:49:37 - __main__ - INFO - [main_program.py:562] - Updated Widow Prayer to section 15
2025-11-13 21:49:37 - __main__ - DEBUG - [main_program.py:563] - Widow prayer updated successfully
2025-11-13 21:49:37 - root - DEBUG - [main_program.py:1004] - Procedure 6 completed successfully
2025-11-13 21:49:37 - root - DEBUG - [main_program.py:998] - Executing procedure 7 of 20
2025-11-13 21:49:37 - __main__ - INFO - [main_program.py:581] - Procedure 07: Handling Pastor Prayer
2025-11-13 21:49:37 - __main__ - DEBUG - [main_program.py:616] - Found 79 pastor entries.
2025-11-13 21:49:37 - __main__ - INFO - [main_program.py:629] - Current pastor prayer entry: Pray for Local Pastor by Johnny Perry - New Mt. Calvary Baptist Church - Rev. G.W. Warren
2025-11-13 21:49:37 - __main__ - INFO - [main_program.py:640] - Next pastor prayer entry: Pray for Local Pastor by Johnny Perry - New Tribes Mission Homes Chapel or Ethnos 360 - Chaplain Daniel Royer
2025-11-13 21:49:37 - __main__ - INFO - [main_program.py:645] - Pastor prayer entry updated successfully.
2025-11-13 21:49:37 - root - DEBUG - [main_program.py:1004] - Procedure 7 completed successfully
2025-11-13 21:49:37 - root - DEBUG - [main_program.py:998] - Executing procedure 8 of 20
2025-11-13 21:49:37 - __main__ - INFO - [main_program.py:660] - Procedure 08: Printing NEXT_WEEK_AGENDA_FILE six times
2025-11-13 21:49:37 - __main__ - DEBUG - [main_program.py:670] - Printing /Volumes/181TB/repos/prayer.breakfast/output/2025-11-15 Saturday Prayer Breakfast Agenda.md (iteration 1/6)
2025-11-13 21:49:37 - __main__ - DEBUG - [main_program.py:680] - Print command output (iteration 1): request id is HP_Officejet_4620_series-246 (1 file(s))
2025-11-13 21:49:37 - __main__ - DEBUG - [main_program.py:670] - Printing /Volumes/181TB/repos/prayer.breakfast/output/2025-11-15 Saturday Prayer Breakfast Agenda.md (iteration 2/6)
2025-11-13 21:49:37 - __main__ - DEBUG - [main_program.py:680] - Print command output (iteration 2): request id is HP_Officejet_4620_series-247 (1 file(s))
2025-11-13 21:49:37 - __main__ - DEBUG - [main_program.py:670] - Printing /Volumes/181TB/repos/prayer.breakfast/output/2025-11-15 Saturday Prayer Breakfast Agenda.md (iteration 3/6)
2025-11-13 21:49:37 - __main__ - DEBUG - [main_program.py:680] - Print command output (iteration 3): request id is HP_Officejet_4620_series-248 (1 file(s))
2025-11-13 21:49:37 - __main__ - DEBUG - [main_program.py:670] - Printing /Volumes/181TB/repos/prayer.breakfast/output/2025-11-15 Saturday Prayer Breakfast Agenda.md (iteration 4/6)
2025-11-13 21:49:37 - __main__ - DEBUG - [main_program.py:680] - Print command output (iteration 4): request id is HP_Officejet_4620_series-249 (1 file(s))
2025-11-13 21:49:37 - __main__ - DEBUG - [main_program.py:670] - Printing /Volumes/181TB/repos/prayer.breakfast/output/2025-11-15 Saturday Prayer Breakfast Agenda.md (iteration 5/6)
2025-11-13 21:49:37 - __main__ - DEBUG - [main_program.py:680] - Print command output (iteration 5): request id is HP_Officejet_4620_series-250 (1 file(s))
2025-11-13 21:49:37 - __main__ - DEBUG - [main_program.py:670] - Printing /Volumes/181TB/repos/prayer.breakfast/output/2025-11-15 Saturday Prayer Breakfast Agenda.md (iteration 6/6)
2025-11-13 21:49:37 - __main__ - DEBUG - [main_program.py:680] - Print command output (iteration 6): request id is HP_Officejet_4620_series-251 (1 file(s))
2025-11-13 21:49:37 - __main__ - INFO - [main_program.py:682] - NEXT_WEEK_AGENDA_FILE printed six times successfully.
2025-11-13 21:49:37 - root - DEBUG - [main_program.py:1004] - Procedure 8 completed successfully
2025-11-13 21:49:37 - root - DEBUG - [main_program.py:998] - Executing procedure 9 of 20
2025-11-13 21:49:37 - __main__ - INFO - [main_program.py:697] - Procedure 09: Handling KJV Verses
2025-11-13 21:49:37 - __main__ - DEBUG - [main_program.py:756] - Line being processed: North Seminole County Gideons - 2025-11-15 Saturday Prayer Breakfast Agenda
2025-11-13 21:49:37 - __main__ - DEBUG - [main_program.py:756] - Line being processed: 
2025-11-13 21:49:37 - __main__ - DEBUG - [main_program.py:756] - Line being processed: Order Breakfast, Offering time, Opening Prayer by TaeWoo Lee
2025-11-13 21:49:37 - __main__ - DEBUG - [main_program.py:756] - Line being processed: 
2025-11-13 21:49:37 - __main__ - DEBUG - [main_program.py:756] - Line being processed: Bible Reading Rotation - Hebrews 11:1-19
2025-11-13 21:49:37 - __main__ - DEBUG - [main_program.py:775] - Found Bible reference: Hebrews 11:1-19
2025-11-13 21:49:37 - urllib3.connectionpool - DEBUG - [connectionpool.py:1049] - Starting new HTTPS connection (1): bible-api.com:443
2025-11-13 21:49:38 - urllib3.connectionpool - DEBUG - [connectionpool.py:544] - https://bible-api.com:443 "GET /Hebrews%2011%3A1-19?translation=kjv HTTP/1.1" 200 None
2025-11-13 21:49:38 - __main__ - INFO - [main_program.py:781] - Inserted KJV verses for Hebrews 11:1-19
2025-11-13 21:49:38 - __main__ - DEBUG - [main_program.py:756] - Line being processed: 
2025-11-13 21:49:38 - __main__ - DEBUG - [main_program.py:756] - Line being processed: Prayer Card Together - Page 38 II—STUDYING: 4. II Timothy 3:16-17
2025-11-13 21:49:38 - __main__ - DEBUG - [main_program.py:775] - Found Bible reference: II Timothy 3:16-17
2025-11-13 21:49:38 - urllib3.connectionpool - DEBUG - [connectionpool.py:1049] - Starting new HTTPS connection (1): bible-api.com:443
2025-11-13 21:49:38 - urllib3.connectionpool - DEBUG - [connectionpool.py:544] - https://bible-api.com:443 "GET /II%20Timothy%203%3A16-17?translation=kjv HTTP/1.1" 200 750
2025-11-13 21:49:38 - __main__ - INFO - [main_program.py:781] - Inserted KJV verses for II Timothy 3:16-17
2025-11-13 21:49:38 - __main__ - DEBUG - [main_program.py:756] - Line being processed: 
2025-11-13 21:49:38 - __main__ - DEBUG - [main_program.py:756] - Line being processed: International Reading by TaeWoo Lee
2025-11-13 21:49:38 - __main__ - DEBUG - [main_program.py:756] - Line being processed: USA Zone 10—Jerry Clunan, Trustee (Rhea). USA Zone 11—Charley Lee Logwood, Trustee (Brenda). Gideon and Auxiliary state and camp officers and members of USA Zone 10—Delmardic, Pennsylvania, West Virginia. Also, USA Zone 11—North Carolina, South Carolina, Virginia. For those in danger of death through suicide, illness, or other reasons to be reached with the Gospel in time. Gideons and Auxiliary from Italy, Luxembourg, Malta, and the Netherlands. Mauritania*. Our core value of an ongoing emphasis on the importance of fulfilling the spiritual objective of being Men and Women of Separated Walk. 2 CORINTHIANS 6:14-18
2025-11-13 21:49:38 - __main__ - DEBUG - [main_program.py:775] - Found Bible reference: 2 CORINTHIANS 6:14-18
2025-11-13 21:49:38 - urllib3.connectionpool - DEBUG - [connectionpool.py:1049] - Starting new HTTPS connection (1): bible-api.com:443
2025-11-13 21:49:39 - urllib3.connectionpool - DEBUG - [connectionpool.py:544] - https://bible-api.com:443 "GET /2%20CORINTHIANS%206%3A14-18?translation=kjv HTTP/1.1" 200 None
2025-11-13 21:49:39 - __main__ - INFO - [main_program.py:781] - Inserted KJV verses for 2 CORINTHIANS 6:14-18
2025-11-13 21:49:39 - __main__ - DEBUG - [main_program.py:756] - Line being processed: 
2025-11-13 21:49:39 - __main__ - DEBUG - [main_program.py:756] - Line being processed: State Reading by Alvin Beverly
2025-11-13 21:49:39 - __main__ - DEBUG - [main_program.py:756] - Line being processed: Adrian Roman (ELDAA) - STATE REGIONAL DIRECTOR
2025-11-13 21:49:39 - __main__ - DEBUG - [main_program.py:756] - Line being processed: **Area Directors:**
2025-11-13 21:49:39 - __main__ - DEBUG - [main_program.py:756] - Line being processed: - **SE09** - Jack Walton (Diane)
2025-11-13 21:49:39 - __main__ - DEBUG - [main_program.py:756] - Line being processed: - **SE12** - Mike McGarrigle (Lisa)
2025-11-13 21:49:39 - __main__ - DEBUG - [main_program.py:756] - Line being processed: - **SE17** - Stephen Cornwell (Carol)
2025-11-13 21:49:39 - __main__ - DEBUG - [main_program.py:756] - Line being processed: - **SE18** - Joseph Tang
2025-11-13 21:49:39 - __main__ - DEBUG - [main_program.py:756] - Line being processed: - **SE19** - Javier Morejon (Christie)
2025-11-13 21:49:39 - __main__ - DEBUG - [main_program.py:756] - Line being processed: **Camps:** Palm Beach Central, Palm Beach North
2025-11-13 21:49:39 - __main__ - DEBUG - [main_program.py:756] - Line being processed: *Psalm 19:7-8*
2025-11-13 21:49:39 - __main__ - DEBUG - [main_program.py:775] - Found Bible reference: Psalm 19:7-8
2025-11-13 21:49:39 - urllib3.connectionpool - DEBUG - [connectionpool.py:1049] - Starting new HTTPS connection (1): bible-api.com:443
2025-11-13 21:49:39 - urllib3.connectionpool - DEBUG - [connectionpool.py:544] - https://bible-api.com:443 "GET /Psalm%2019%3A7-8?translation=kjv HTTP/1.1" 200 762
2025-11-13 21:49:39 - __main__ - INFO - [main_program.py:781] - Inserted KJV verses for Psalm 19:7-8
2025-11-13 21:49:39 - __main__ - DEBUG - [main_program.py:756] - Line being processed: 
2025-11-13 21:49:39 - __main__ - DEBUG - [main_program.py:756] - Line being processed: Pray for the Widows by Donald Tise - 15. Southeast Region – SE12 (cont'd)
2025-11-13 21:49:39 - __main__ - DEBUG - [main_program.py:756] - Line being processed: Indian River - Patricia Dodson, Rachel Meeks,  - Melbourne/Viera - Blanche Lorber, Brenda Ollis,  - Palm Bay - Harriet Wall, 
2025-11-13 21:49:39 - __main__ - DEBUG - [main_program.py:756] - Line being processed: 
2025-11-13 21:49:39 - __main__ - DEBUG - [main_program.py:756] - Line being processed: Pray for Local Pastor by Johnny Perry - New Tribes Mission Homes Chapel or Ethnos 360 - Chaplain Daniel Royer
2025-11-13 21:49:39 - __main__ - DEBUG - [main_program.py:756] - Line being processed: 
2025-11-13 21:49:39 - __main__ - DEBUG - [main_program.py:756] - Line being processed: Prayer Request, Prayer Rotation, Closing Prayer by TaeWoo Lee, Food and Fellowship
2025-11-13 21:49:39 - __main__ - INFO - [main_program.py:788] - KJV verses processed and agenda updated successfully.
2025-11-13 21:49:39 - root - DEBUG - [main_program.py:1004] - Procedure 9 completed successfully
2025-11-13 21:49:39 - root - DEBUG - [main_program.py:998] - Executing procedure 10 of 20
2025-11-13 21:49:39 - __main__ - INFO - [main_program.py:803] - Procedure 10: Printing NEXT_WEEK_AGENDA_FILE to default printer
2025-11-13 21:49:39 - __main__ - DEBUG - [main_program.py:812] - Printing /Volumes/181TB/repos/prayer.breakfast/output/2025-11-15 Saturday Prayer Breakfast Agenda.md to default printer
2025-11-13 21:49:39 - __main__ - DEBUG - [main_program.py:821] - Print command output: request id is HP_Officejet_4620_series-252 (1 file(s))
2025-11-13 21:49:39 - __main__ - INFO - [main_program.py:823] - NEXT_WEEK_AGENDA_FILE printed successfully.
2025-11-13 21:49:39 - root - DEBUG - [main_program.py:1004] - Procedure 10 completed successfully
2025-11-13 21:49:39 - root - DEBUG - [main_program.py:998] - Executing procedure 11 of 20
2025-11-13 21:49:39 - __main__ - INFO - [main_program.py:853] - Preparing to send email from ThomasPerdana@gmail.com to gideon.northseminole@gmail.com with subject: Prayer Breakfast Agenda
2025-11-13 21:49:39 - __main__ - INFO - [main_program.py:878] - Attached file: 2025-11-15 Saturday Prayer Breakfast Agenda.md
2025-11-13 21:49:40 - __main__ - ERROR - [main_program.py:901] - Failed to send email: (535, b'5.7.8 Username and Password not accepted. For more information, go to\n5.7.8  https://support.google.com/mail/?p=BadCredentials 956f58d0204a3-6410e9e90bcsm1306071d50.6 - gsmtp')
2025-11-13 21:49:40 - root - WARNING - [main_program.py:1007] - Procedure 11 completed with issues
2025-11-13 21:49:40 - root - DEBUG - [main_program.py:998] - Executing procedure 12 of 20
2025-11-13 21:49:40 - __main__ - INFO - [main_program.py:909] - Procedure 12: Setting up monitoring system
2025-11-13 21:49:40 - __main__ - DEBUG - [main_program.py:910] - Performance metrics enabled
2025-11-13 21:49:40 - root - DEBUG - [main_program.py:1004] - Procedure 12 completed successfully
2025-11-13 21:49:40 - root - DEBUG - [main_program.py:998] - Executing procedure 13 of 20
2025-11-13 21:49:40 - __main__ - INFO - [main_program.py:917] - Procedure 13: Loading plugins and extensions
2025-11-13 21:49:40 - __main__ - DEBUG - [main_program.py:918] - Plugin directory scanned
2025-11-13 21:49:40 - root - DEBUG - [main_program.py:1004] - Procedure 13 completed successfully
2025-11-13 21:49:40 - root - DEBUG - [main_program.py:998] - Executing procedure 14 of 20
2025-11-13 21:49:40 - __main__ - INFO - [main_program.py:925] - Procedure 14: Initializing session management
2025-11-13 21:49:40 - __main__ - DEBUG - [main_program.py:926] - Session storage configured
2025-11-13 21:49:40 - root - DEBUG - [main_program.py:1004] - Procedure 14 completed successfully
2025-11-13 21:49:40 - root - DEBUG - [main_program.py:998] - Executing procedure 15 of 20
2025-11-13 21:49:40 - __main__ - INFO - [main_program.py:933] - Procedure 15: Setting up error handling
2025-11-13 21:49:40 - __main__ - DEBUG - [main_program.py:934] - Global exception handler registered
2025-11-13 21:49:40 - root - DEBUG - [main_program.py:1004] - Procedure 15 completed successfully
2025-11-13 21:49:40 - root - DEBUG - [main_program.py:998] - Executing procedure 16 of 20
2025-11-13 21:49:40 - __main__ - INFO - [main_program.py:941] - Procedure 16: Loading resource files
2025-11-13 21:49:40 - __main__ - DEBUG - [main_program.py:942] - Static resources indexed
2025-11-13 21:49:40 - root - DEBUG - [main_program.py:1004] - Procedure 16 completed successfully
2025-11-13 21:49:40 - root - DEBUG - [main_program.py:998] - Executing procedure 17 of 20
2025-11-13 21:49:40 - __main__ - INFO - [main_program.py:949] - Procedure 17: Initializing data validation
2025-11-13 21:49:40 - __main__ - DEBUG - [main_program.py:950] - Validation rules compiled
2025-11-13 21:49:40 - root - DEBUG - [main_program.py:1004] - Procedure 17 completed successfully
2025-11-13 21:49:40 - root - DEBUG - [main_program.py:998] - Executing procedure 18 of 20
2025-11-13 21:49:40 - __main__ - INFO - [main_program.py:957] - Procedure 18: Setting up backup system
2025-11-13 21:49:40 - __main__ - DEBUG - [main_program.py:958] - Backup schedule configured
2025-11-13 21:49:40 - root - DEBUG - [main_program.py:1004] - Procedure 18 completed successfully
2025-11-13 21:49:40 - root - DEBUG - [main_program.py:998] - Executing procedure 19 of 20
2025-11-13 21:49:40 - __main__ - INFO - [main_program.py:965] - Procedure 19: Initializing analytics
2025-11-13 21:49:40 - __main__ - DEBUG - [main_program.py:966] - Analytics endpoints ready
2025-11-13 21:49:40 - root - DEBUG - [main_program.py:1004] - Procedure 19 completed successfully
2025-11-13 21:49:40 - root - DEBUG - [main_program.py:998] - Executing procedure 20 of 20
2025-11-13 21:49:40 - __main__ - INFO - [main_program.py:973] - Procedure 20: Finalizing startup sequence
2025-11-13 21:49:40 - __main__ - DEBUG - [main_program.py:974] - All systems operational
2025-11-13 21:49:40 - root - DEBUG - [main_program.py:1004] - Procedure 20 completed successfully
2025-11-13 21:49:40 - root - INFO - [main_program.py:1014] - ============================================================
2025-11-13 21:49:40 - root - INFO - [main_program.py:1015] - Execution Summary
2025-11-13 21:49:40 - root - INFO - [main_program.py:1016] - ============================================================
2025-11-13 21:49:40 - root - INFO - [main_program.py:1017] - Total Procedures: 20
2025-11-13 21:49:40 - root - INFO - [main_program.py:1018] - Successful: 19
2025-11-13 21:49:40 - root - INFO - [main_program.py:1019] - Failed: 1
2025-11-13 21:49:40 - root - INFO - [main_program.py:1020] - ============================================================
2025-11-13 21:49:40 - root - WARNING - [main_program.py:1026] - Application started with 1 errors
