2025-11-13 20:36:33 - root - INFO - [main_program.py:838] - ============================================================
2025-11-13 20:36:33 - root - INFO - [main_program.py:839] - Application Starting
2025-11-13 20:36:33 - root - INFO - [main_program.py:840] - ============================================================
2025-11-13 20:36:33 - root - DEBUG - [main_program.py:855] - Executing procedure 1 of 20
2025-11-13 20:36:33 - __main__ - INFO - [main_program.py:123] - Procedure 01: Initializing application configuration
2025-11-13 20:36:33 - __main__ - DEBUG - [main_program.py:124] - Loading default configuration values
2025-11-13 20:36:33 - __main__ - INFO - [main_program.py:136] - Protected input directory and files as read-only (555)
2025-11-13 20:36:33 - __main__ - DEBUG - [main_program.py:137] - Set permissions to r-xr-xr-x for input directory
2025-11-13 20:36:33 - __main__ - INFO - [main_program.py:146] - Last week date: 2025-11-08
2025-11-13 20:36:33 - __main__ - INFO - [main_program.py:147] - Next week date: 2025-11-15
2025-11-13 20:36:33 - __main__ - DEBUG - [main_program.py:155] - Removed existing file: 2025-11-15 Saturday Prayer Breakfast Agenda.md
2025-11-13 20:36:33 - __main__ - INFO - [main_program.py:158] - Created next week agenda: 2025-11-15 Saturday Prayer Breakfast Agenda.md
2025-11-13 20:36:33 - __main__ - DEBUG - [main_program.py:159] - Copied from input/2025-11-08 Saturday Prayer Breakfast Agenda.md to output/2025-11-15 Saturday Prayer Breakfast Agenda.md
2025-11-13 20:36:33 - __main__ - INFO - [main_program.py:163] - Changed file permissions to 777 (rwxrwxrwx)
2025-11-13 20:36:33 - __main__ - DEBUG - [main_program.py:164] - File permissions updated for 2025-11-15 Saturday Prayer Breakfast Agenda.md
2025-11-13 20:36:33 - __main__ - INFO - [main_program.py:174] - Updated title from 'North Seminole County Gideons - 2025-11-08 Saturday Prayer Breakfast Agenda' to 'North Seminole County Gideons - 2025-11-15 Saturday Prayer Breakfast Agenda'
2025-11-13 20:36:33 - __main__ - DEBUG - [main_program.py:175] - File content updated successfully
2025-11-13 20:36:33 - root - DEBUG - [main_program.py:861] - Procedure 1 completed successfully
2025-11-13 20:36:33 - root - DEBUG - [main_program.py:855] - Executing procedure 2 of 20
2025-11-13 20:36:33 - __main__ - INFO - [main_program.py:192] - Procedure 02: Updating Bible Reading Rotation
2025-11-13 20:36:33 - __main__ - DEBUG - [main_program.py:193] - Reading Bible rotation schedule from hq2.md
2025-11-13 20:36:33 - __main__ - DEBUG - [main_program.py:208] - Looking for reading for NOVEMBER 15
2025-11-13 20:36:33 - __main__ - INFO - [main_program.py:229] - Found Bible reading for NOVEMBER 15: Hebrews 11:1-19
2025-11-13 20:36:33 - __main__ - INFO - [main_program.py:241] - Updated Bible Reading Rotation to: Hebrews 11:1-19
2025-11-13 20:36:33 - __main__ - DEBUG - [main_program.py:242] - Bible reading rotation updated successfully
2025-11-13 20:36:33 - root - DEBUG - [main_program.py:861] - Procedure 2 completed successfully
2025-11-13 20:36:33 - root - DEBUG - [main_program.py:855] - Executing procedure 3 of 20
2025-11-13 20:36:33 - __main__ - INFO - [main_program.py:257] - Procedure 03: Updating Prayer Card rotation
2025-11-13 20:36:33 - __main__ - DEBUG - [main_program.py:258] - Reading Prayer Card schedule from prayer.md
2025-11-13 20:36:33 - __main__ - DEBUG - [main_program.py:283] - Current prayer card page: 37, next page: 38
2025-11-13 20:36:33 - __main__ - INFO - [main_program.py:308] - Next prayer card: Prayer Card Together - Page 38 II—STUDYING: 4. II Timothy 3:16-17
2025-11-13 20:36:33 - __main__ - INFO - [main_program.py:315] - Updated Prayer Card from Page 37 to Page 38
2025-11-13 20:36:33 - __main__ - DEBUG - [main_program.py:316] - Prayer card rotation updated successfully
2025-11-13 20:36:33 - root - DEBUG - [main_program.py:861] - Procedure 3 completed successfully
2025-11-13 20:36:33 - root - DEBUG - [main_program.py:855] - Executing procedure 4 of 20
2025-11-13 20:36:33 - __main__ - INFO - [main_program.py:331] - Procedure 04: Updating International Reading
2025-11-13 20:36:33 - __main__ - DEBUG - [main_program.py:332] - Reading International schedule from hq1.md
2025-11-13 20:36:33 - __main__ - DEBUG - [main_program.py:346] - Looking for DAY 15
2025-11-13 20:36:33 - __main__ - INFO - [main_program.py:358] - Found International Reading for DAY 15
2025-11-13 20:36:33 - __main__ - DEBUG - [main_program.py:359] - Content length: 620 characters
2025-11-13 20:36:33 - __main__ - INFO - [main_program.py:375] - Updated International Reading to DAY 15
2025-11-13 20:36:33 - __main__ - DEBUG - [main_program.py:376] - International reading updated successfully
2025-11-13 20:36:33 - root - DEBUG - [main_program.py:861] - Procedure 4 completed successfully
2025-11-13 20:36:33 - root - DEBUG - [main_program.py:855] - Executing procedure 5 of 20
2025-11-13 20:36:33 - __main__ - INFO - [main_program.py:394] - Procedure 05: Updating State Reading
2025-11-13 20:36:33 - __main__ - DEBUG - [main_program.py:395] - Reading State schedule from fl.md
2025-11-13 20:36:33 - __main__ - DEBUG - [main_program.py:409] - Looking for Day 15
2025-11-13 20:36:33 - __main__ - INFO - [main_program.py:457] - Found State Reading for Day 15
2025-11-13 20:36:33 - __main__ - DEBUG - [main_program.py:458] - Formatted content:
State Reading by Alvin Beverly
Adrian Roman (ELDAA) - STATE REGIONAL DIRECTOR
**Area Directors:**
- **SE09** - Jack Walton (Diane)
- **SE12** - Mike McGarrigle (Lisa)
- **SE17** - Stephen Cornwell (Carol)
- **SE18** - Joseph Tang
- **SE19** - Javier Morejon (Christie)
**Camps:** Palm Beach Central, Palm Beach North
*Psalm 19:7-8*
2025-11-13 20:36:33 - __main__ - INFO - [main_program.py:472] - Updated State Reading to Day 15
2025-11-13 20:36:33 - __main__ - DEBUG - [main_program.py:473] - State reading updated successfully
2025-11-13 20:36:33 - root - DEBUG - [main_program.py:861] - Procedure 5 completed successfully
2025-11-13 20:36:33 - root - DEBUG - [main_program.py:855] - Executing procedure 6 of 20
2025-11-13 20:36:33 - __main__ - INFO - [main_program.py:491] - Procedure 06: Updating Widow Prayer
2025-11-13 20:36:33 - __main__ - DEBUG - [main_program.py:492] - Reading Widow schedule from widow.md
2025-11-13 20:36:33 - __main__ - DEBUG - [main_program.py:506] - Looking for section 15
2025-11-13 20:36:33 - __main__ - INFO - [main_program.py:545] - Found Widow Prayer for section 15: Southeast Region – SE12 (cont'd)
2025-11-13 20:36:33 - __main__ - DEBUG - [main_program.py:546] - Formatted content:
Pray for the Widows by Donald Tise - 15. Southeast Region – SE12 (cont'd)
Indian River - Patricia Dodson, Rachel Meeks,  - Melbourne/Viera - Blanche Lorber, Brenda Ollis,  - Palm Bay - Harriet Wall, 
2025-11-13 20:36:33 - __main__ - INFO - [main_program.py:559] - Updated Widow Prayer to section 15
2025-11-13 20:36:33 - __main__ - DEBUG - [main_program.py:560] - Widow prayer updated successfully
2025-11-13 20:36:33 - root - DEBUG - [main_program.py:861] - Procedure 6 completed successfully
2025-11-13 20:36:33 - root - DEBUG - [main_program.py:855] - Executing procedure 7 of 20
2025-11-13 20:36:33 - __main__ - INFO - [main_program.py:578] - Procedure 07: Handling Pastor Prayer
2025-11-13 20:36:33 - __main__ - DEBUG - [main_program.py:613] - Found 79 pastor entries.
2025-11-13 20:36:33 - __main__ - INFO - [main_program.py:626] - Current pastor prayer entry: Pray for Local Pastor by Johnny Perry - New Mt. Calvary Baptist Church - Rev. G.W. Warren
2025-11-13 20:36:33 - __main__ - INFO - [main_program.py:637] - Next pastor prayer entry: Pray for Local Pastor by Johnny Perry - New Tribes Mission Homes Chapel or Ethnos 360 - Chaplain Daniel Royer
2025-11-13 20:36:33 - __main__ - INFO - [main_program.py:642] - Pastor prayer entry updated successfully.
2025-11-13 20:36:33 - root - DEBUG - [main_program.py:861] - Procedure 7 completed successfully
2025-11-13 20:36:33 - root - DEBUG - [main_program.py:855] - Executing procedure 8 of 20
2025-11-13 20:36:33 - __main__ - INFO - [main_program.py:657] - Procedure 08: Printing NEXT_WEEK_AGENDA_FILE six times
2025-11-13 20:36:33 - __main__ - DEBUG - [main_program.py:667] - Printing /Volumes/181TB/repos/prayer.breakfast/output/2025-11-15 Saturday Prayer Breakfast Agenda.md (iteration 1/6)
2025-11-13 20:36:33 - __main__ - DEBUG - [main_program.py:677] - Print command output (iteration 1): request id is HP_Officejet_4620_series-149 (1 file(s))
2025-11-13 20:36:33 - __main__ - DEBUG - [main_program.py:667] - Printing /Volumes/181TB/repos/prayer.breakfast/output/2025-11-15 Saturday Prayer Breakfast Agenda.md (iteration 2/6)
2025-11-13 20:36:33 - __main__ - DEBUG - [main_program.py:677] - Print command output (iteration 2): request id is HP_Officejet_4620_series-150 (1 file(s))
2025-11-13 20:36:33 - __main__ - DEBUG - [main_program.py:667] - Printing /Volumes/181TB/repos/prayer.breakfast/output/2025-11-15 Saturday Prayer Breakfast Agenda.md (iteration 3/6)
2025-11-13 20:36:33 - __main__ - DEBUG - [main_program.py:677] - Print command output (iteration 3): request id is HP_Officejet_4620_series-151 (1 file(s))
2025-11-13 20:36:33 - __main__ - DEBUG - [main_program.py:667] - Printing /Volumes/181TB/repos/prayer.breakfast/output/2025-11-15 Saturday Prayer Breakfast Agenda.md (iteration 4/6)
2025-11-13 20:36:33 - __main__ - DEBUG - [main_program.py:677] - Print command output (iteration 4): request id is HP_Officejet_4620_series-152 (1 file(s))
2025-11-13 20:36:33 - __main__ - DEBUG - [main_program.py:667] - Printing /Volumes/181TB/repos/prayer.breakfast/output/2025-11-15 Saturday Prayer Breakfast Agenda.md (iteration 5/6)
2025-11-13 20:36:33 - __main__ - DEBUG - [main_program.py:677] - Print command output (iteration 5): request id is HP_Officejet_4620_series-153 (1 file(s))
2025-11-13 20:36:33 - __main__ - DEBUG - [main_program.py:667] - Printing /Volumes/181TB/repos/prayer.breakfast/output/2025-11-15 Saturday Prayer Breakfast Agenda.md (iteration 6/6)
2025-11-13 20:36:33 - __main__ - DEBUG - [main_program.py:677] - Print command output (iteration 6): request id is HP_Officejet_4620_series-154 (1 file(s))
2025-11-13 20:36:33 - __main__ - INFO - [main_program.py:679] - NEXT_WEEK_AGENDA_FILE printed six times successfully.
2025-11-13 20:36:33 - root - DEBUG - [main_program.py:861] - Procedure 8 completed successfully
2025-11-13 20:36:33 - root - DEBUG - [main_program.py:855] - Executing procedure 9 of 20
2025-11-13 20:36:33 - __main__ - INFO - [main_program.py:694] - Procedure 09: Handling KJV Verses
2025-11-13 20:36:33 - __main__ - DEBUG - [main_program.py:722] - Found Bible reference: Hebrews 11:1-19
2025-11-13 20:36:33 - urllib3.connectionpool - DEBUG - [connectionpool.py:1049] - Starting new HTTPS connection (1): bible-api.com:443
2025-11-13 20:36:33 - urllib3.connectionpool - DEBUG - [connectionpool.py:544] - https://bible-api.com:443 "GET /Hebrews%2011%3A1-19?translation=kjv HTTP/1.1" 200 None
2025-11-13 20:36:33 - __main__ - INFO - [main_program.py:731] - Inserted KJV verses for Hebrews 11:1-19
2025-11-13 20:36:33 - __main__ - INFO - [main_program.py:738] - KJV verses processed and agenda updated successfully.
2025-11-13 20:36:33 - root - DEBUG - [main_program.py:861] - Procedure 9 completed successfully
2025-11-13 20:36:33 - root - DEBUG - [main_program.py:855] - Executing procedure 10 of 20
2025-11-13 20:36:33 - __main__ - INFO - [main_program.py:750] - Procedure 10: Setting up notification system
2025-11-13 20:36:33 - __main__ - DEBUG - [main_program.py:751] - Notification channels configured
2025-11-13 20:36:33 - root - DEBUG - [main_program.py:861] - Procedure 10 completed successfully
2025-11-13 20:36:33 - root - DEBUG - [main_program.py:855] - Executing procedure 11 of 20
2025-11-13 20:36:33 - __main__ - INFO - [main_program.py:758] - Procedure 11: Initializing background tasks
2025-11-13 20:36:33 - __main__ - DEBUG - [main_program.py:759] - Task scheduler started
2025-11-13 20:36:33 - root - DEBUG - [main_program.py:861] - Procedure 11 completed successfully
2025-11-13 20:36:33 - root - DEBUG - [main_program.py:855] - Executing procedure 12 of 20
2025-11-13 20:36:33 - __main__ - INFO - [main_program.py:766] - Procedure 12: Setting up monitoring system
2025-11-13 20:36:33 - __main__ - DEBUG - [main_program.py:767] - Performance metrics enabled
2025-11-13 20:36:33 - root - DEBUG - [main_program.py:861] - Procedure 12 completed successfully
2025-11-13 20:36:33 - root - DEBUG - [main_program.py:855] - Executing procedure 13 of 20
2025-11-13 20:36:33 - __main__ - INFO - [main_program.py:774] - Procedure 13: Loading plugins and extensions
2025-11-13 20:36:33 - __main__ - DEBUG - [main_program.py:775] - Plugin directory scanned
2025-11-13 20:36:33 - root - DEBUG - [main_program.py:861] - Procedure 13 completed successfully
2025-11-13 20:36:33 - root - DEBUG - [main_program.py:855] - Executing procedure 14 of 20
2025-11-13 20:36:33 - __main__ - INFO - [main_program.py:782] - Procedure 14: Initializing session management
2025-11-13 20:36:33 - __main__ - DEBUG - [main_program.py:783] - Session storage configured
2025-11-13 20:36:33 - root - DEBUG - [main_program.py:861] - Procedure 14 completed successfully
2025-11-13 20:36:33 - root - DEBUG - [main_program.py:855] - Executing procedure 15 of 20
2025-11-13 20:36:33 - __main__ - INFO - [main_program.py:790] - Procedure 15: Setting up error handling
2025-11-13 20:36:33 - __main__ - DEBUG - [main_program.py:791] - Global exception handler registered
2025-11-13 20:36:33 - root - DEBUG - [main_program.py:861] - Procedure 15 completed successfully
2025-11-13 20:36:33 - root - DEBUG - [main_program.py:855] - Executing procedure 16 of 20
2025-11-13 20:36:33 - __main__ - INFO - [main_program.py:798] - Procedure 16: Loading resource files
2025-11-13 20:36:33 - __main__ - DEBUG - [main_program.py:799] - Static resources indexed
2025-11-13 20:36:33 - root - DEBUG - [main_program.py:861] - Procedure 16 completed successfully
2025-11-13 20:36:33 - root - DEBUG - [main_program.py:855] - Executing procedure 17 of 20
2025-11-13 20:36:33 - __main__ - INFO - [main_program.py:806] - Procedure 17: Initializing data validation
2025-11-13 20:36:33 - __main__ - DEBUG - [main_program.py:807] - Validation rules compiled
2025-11-13 20:36:33 - root - DEBUG - [main_program.py:861] - Procedure 17 completed successfully
2025-11-13 20:36:33 - root - DEBUG - [main_program.py:855] - Executing procedure 18 of 20
2025-11-13 20:36:33 - __main__ - INFO - [main_program.py:814] - Procedure 18: Setting up backup system
2025-11-13 20:36:33 - __main__ - DEBUG - [main_program.py:815] - Backup schedule configured
2025-11-13 20:36:33 - root - DEBUG - [main_program.py:861] - Procedure 18 completed successfully
2025-11-13 20:36:33 - root - DEBUG - [main_program.py:855] - Executing procedure 19 of 20
2025-11-13 20:36:33 - __main__ - INFO - [main_program.py:822] - Procedure 19: Initializing analytics
2025-11-13 20:36:33 - __main__ - DEBUG - [main_program.py:823] - Analytics endpoints ready
2025-11-13 20:36:33 - root - DEBUG - [main_program.py:861] - Procedure 19 completed successfully
2025-11-13 20:36:33 - root - DEBUG - [main_program.py:855] - Executing procedure 20 of 20
2025-11-13 20:36:33 - __main__ - INFO - [main_program.py:830] - Procedure 20: Finalizing startup sequence
2025-11-13 20:36:33 - __main__ - DEBUG - [main_program.py:831] - All systems operational
2025-11-13 20:36:33 - root - DEBUG - [main_program.py:861] - Procedure 20 completed successfully
2025-11-13 20:36:33 - root - INFO - [main_program.py:871] - ============================================================
2025-11-13 20:36:33 - root - INFO - [main_program.py:872] - Execution Summary
2025-11-13 20:36:33 - root - INFO - [main_program.py:873] - ============================================================
2025-11-13 20:36:33 - root - INFO - [main_program.py:874] - Total Procedures: 20
2025-11-13 20:36:33 - root - INFO - [main_program.py:875] - Successful: 20
2025-11-13 20:36:33 - root - INFO - [main_program.py:876] - Failed: 0
2025-11-13 20:36:33 - root - INFO - [main_program.py:877] - ============================================================
2025-11-13 20:36:33 - root - INFO - [main_program.py:880] - Application started successfully!
