2025-11-13 18:14:05 - root - INFO - [main_program.py:268] - ============================================================
2025-11-13 18:14:05 - root - INFO - [main_program.py:269] - Application Starting
2025-11-13 18:14:05 - root - INFO - [main_program.py:270] - ============================================================
2025-11-13 18:14:05 - root - DEBUG - [main_program.py:285] - Executing procedure 1 of 20
2025-11-13 18:14:05 - __main__ - INFO - [main_program.py:67] - Procedure 01: Initializing application configuration
2025-11-13 18:14:05 - __main__ - DEBUG - [main_program.py:68] - Loading default configuration values
2025-11-13 18:14:05 - __main__ - INFO - [main_program.py:82] - Last week date: 2025-11-08
2025-11-13 18:14:05 - __main__ - INFO - [main_program.py:83] - Next week date: 2025-11-15
2025-11-13 18:14:05 - __main__ - ERROR - [main_program.py:107] - Failed to create next week agenda: [Errno 13] Permission denied: 'output/2025-11-15 Saturday Prayer Breakfast Agenda.md'
2025-11-13 18:14:05 - root - WARNING - [main_program.py:294] - Procedure 1 completed with issues
2025-11-13 18:14:05 - root - DEBUG - [main_program.py:285] - Executing procedure 2 of 20
2025-11-13 18:14:05 - __main__ - INFO - [main_program.py:116] - Procedure 02: Validating system requirements
2025-11-13 18:14:05 - __main__ - DEBUG - [main_program.py:117] - Checking Python version and dependencies
2025-11-13 18:14:05 - root - DEBUG - [main_program.py:291] - Procedure 2 completed successfully
2025-11-13 18:14:05 - root - DEBUG - [main_program.py:285] - Executing procedure 3 of 20
2025-11-13 18:14:05 - __main__ - INFO - [main_program.py:124] - Procedure 03: Loading environment variables
2025-11-13 18:14:05 - __main__ - DEBUG - [main_program.py:125] - Reading .env file if exists
2025-11-13 18:14:05 - root - DEBUG - [main_program.py:291] - Procedure 3 completed successfully
2025-11-13 18:14:05 - root - DEBUG - [main_program.py:285] - Executing procedure 4 of 20
2025-11-13 18:14:05 - __main__ - INFO - [main_program.py:132] - Procedure 04: Establishing database connection
2025-11-13 18:14:05 - __main__ - DEBUG - [main_program.py:133] - Database connection parameters validated
2025-11-13 18:14:05 - root - DEBUG - [main_program.py:291] - Procedure 4 completed successfully
2025-11-13 18:14:05 - root - DEBUG - [main_program.py:285] - Executing procedure 5 of 20
2025-11-13 18:14:05 - __main__ - INFO - [main_program.py:140] - Procedure 05: Initializing cache system
2025-11-13 18:14:05 - __main__ - DEBUG - [main_program.py:141] - Cache directory created successfully
2025-11-13 18:14:05 - root - DEBUG - [main_program.py:291] - Procedure 5 completed successfully
2025-11-13 18:14:05 - root - DEBUG - [main_program.py:285] - Executing procedure 6 of 20
2025-11-13 18:14:05 - __main__ - INFO - [main_program.py:148] - Procedure 06: Loading user preferences
2025-11-13 18:14:05 - __main__ - DEBUG - [main_program.py:149] - User preferences loaded from config file
2025-11-13 18:14:05 - root - DEBUG - [main_program.py:291] - Procedure 6 completed successfully
2025-11-13 18:14:05 - root - DEBUG - [main_program.py:285] - Executing procedure 7 of 20
2025-11-13 18:14:05 - __main__ - INFO - [main_program.py:156] - Procedure 07: Setting up security protocols
2025-11-13 18:14:05 - __main__ - DEBUG - [main_program.py:157] - Encryption keys validated
2025-11-13 18:14:05 - root - DEBUG - [main_program.py:291] - Procedure 7 completed successfully
2025-11-13 18:14:05 - root - DEBUG - [main_program.py:285] - Executing procedure 8 of 20
2025-11-13 18:14:05 - __main__ - INFO - [main_program.py:164] - Procedure 08: Initializing API connections
2025-11-13 18:14:05 - __main__ - DEBUG - [main_program.py:165] - API endpoints configured
2025-11-13 18:14:05 - root - DEBUG - [main_program.py:291] - Procedure 8 completed successfully
2025-11-13 18:14:05 - root - DEBUG - [main_program.py:285] - Executing procedure 9 of 20
2025-11-13 18:14:05 - __main__ - INFO - [main_program.py:172] - Procedure 09: Loading data models
2025-11-13 18:14:05 - __main__ - DEBUG - [main_program.py:173] - Data schemas validated
2025-11-13 18:14:05 - root - DEBUG - [main_program.py:291] - Procedure 9 completed successfully
2025-11-13 18:14:05 - root - DEBUG - [main_program.py:285] - Executing procedure 10 of 20
2025-11-13 18:14:05 - __main__ - INFO - [main_program.py:180] - Procedure 10: Setting up notification system
2025-11-13 18:14:05 - __main__ - DEBUG - [main_program.py:181] - Notification channels configured
2025-11-13 18:14:05 - root - DEBUG - [main_program.py:291] - Procedure 10 completed successfully
2025-11-13 18:14:05 - root - DEBUG - [main_program.py:285] - Executing procedure 11 of 20
2025-11-13 18:14:05 - __main__ - INFO - [main_program.py:188] - Procedure 11: Initializing background tasks
2025-11-13 18:14:05 - __main__ - DEBUG - [main_program.py:189] - Task scheduler started
2025-11-13 18:14:05 - root - DEBUG - [main_program.py:291] - Procedure 11 completed successfully
2025-11-13 18:14:05 - root - DEBUG - [main_program.py:285] - Executing procedure 12 of 20
2025-11-13 18:14:05 - __main__ - INFO - [main_program.py:196] - Procedure 12: Setting up monitoring system
2025-11-13 18:14:05 - __main__ - DEBUG - [main_program.py:197] - Performance metrics enabled
2025-11-13 18:14:05 - root - DEBUG - [main_program.py:291] - Procedure 12 completed successfully
2025-11-13 18:14:05 - root - DEBUG - [main_program.py:285] - Executing procedure 13 of 20
2025-11-13 18:14:05 - __main__ - INFO - [main_program.py:204] - Procedure 13: Loading plugins and extensions
2025-11-13 18:14:05 - __main__ - DEBUG - [main_program.py:205] - Plugin directory scanned
2025-11-13 18:14:05 - root - DEBUG - [main_program.py:291] - Procedure 13 completed successfully
2025-11-13 18:14:05 - root - DEBUG - [main_program.py:285] - Executing procedure 14 of 20
2025-11-13 18:14:05 - __main__ - INFO - [main_program.py:212] - Procedure 14: Initializing session management
2025-11-13 18:14:05 - __main__ - DEBUG - [main_program.py:213] - Session storage configured
2025-11-13 18:14:05 - root - DEBUG - [main_program.py:291] - Procedure 14 completed successfully
2025-11-13 18:14:05 - root - DEBUG - [main_program.py:285] - Executing procedure 15 of 20
2025-11-13 18:14:05 - __main__ - INFO - [main_program.py:220] - Procedure 15: Setting up error handling
2025-11-13 18:14:05 - __main__ - DEBUG - [main_program.py:221] - Global exception handler registered
2025-11-13 18:14:05 - root - DEBUG - [main_program.py:291] - Procedure 15 completed successfully
2025-11-13 18:14:05 - root - DEBUG - [main_program.py:285] - Executing procedure 16 of 20
2025-11-13 18:14:05 - __main__ - INFO - [main_program.py:228] - Procedure 16: Loading resource files
2025-11-13 18:14:05 - __main__ - DEBUG - [main_program.py:229] - Static resources indexed
2025-11-13 18:14:05 - root - DEBUG - [main_program.py:291] - Procedure 16 completed successfully
2025-11-13 18:14:05 - root - DEBUG - [main_program.py:285] - Executing procedure 17 of 20
2025-11-13 18:14:05 - __main__ - INFO - [main_program.py:236] - Procedure 17: Initializing data validation
2025-11-13 18:14:05 - __main__ - DEBUG - [main_program.py:237] - Validation rules compiled
2025-11-13 18:14:05 - root - DEBUG - [main_program.py:291] - Procedure 17 completed successfully
2025-11-13 18:14:05 - root - DEBUG - [main_program.py:285] - Executing procedure 18 of 20
2025-11-13 18:14:05 - __main__ - INFO - [main_program.py:244] - Procedure 18: Setting up backup system
2025-11-13 18:14:05 - __main__ - DEBUG - [main_program.py:245] - Backup schedule configured
2025-11-13 18:14:05 - root - DEBUG - [main_program.py:291] - Procedure 18 completed successfully
2025-11-13 18:14:05 - root - DEBUG - [main_program.py:285] - Executing procedure 19 of 20
2025-11-13 18:14:05 - __main__ - INFO - [main_program.py:252] - Procedure 19: Initializing analytics
2025-11-13 18:14:05 - __main__ - DEBUG - [main_program.py:253] - Analytics endpoints ready
2025-11-13 18:14:05 - root - DEBUG - [main_program.py:291] - Procedure 19 completed successfully
2025-11-13 18:14:05 - root - DEBUG - [main_program.py:285] - Executing procedure 20 of 20
2025-11-13 18:14:05 - __main__ - INFO - [main_program.py:260] - Procedure 20: Finalizing startup sequence
2025-11-13 18:14:05 - __main__ - DEBUG - [main_program.py:261] - All systems operational
2025-11-13 18:14:05 - root - DEBUG - [main_program.py:291] - Procedure 20 completed successfully
2025-11-13 18:14:05 - root - INFO - [main_program.py:301] - ============================================================
2025-11-13 18:14:05 - root - INFO - [main_program.py:302] - Execution Summary
2025-11-13 18:14:05 - root - INFO - [main_program.py:303] - ============================================================
2025-11-13 18:14:05 - root - INFO - [main_program.py:304] - Total Procedures: 20
2025-11-13 18:14:05 - root - INFO - [main_program.py:305] - Successful: 19
2025-11-13 18:14:05 - root - INFO - [main_program.py:306] - Failed: 1
2025-11-13 18:14:05 - root - INFO - [main_program.py:307] - ============================================================
2025-11-13 18:14:05 - root - WARNING - [main_program.py:313] - Application started with 1 errors
