2025-11-13 18:07:51 - root - INFO - [main_program.py:251] - ============================================================
2025-11-13 18:07:51 - root - INFO - [main_program.py:252] - Application Starting
2025-11-13 18:07:51 - root - INFO - [main_program.py:253] - ============================================================
2025-11-13 18:07:51 - root - DEBUG - [main_program.py:268] - Executing procedure 1 of 20
2025-11-13 18:07:51 - __main__ - INFO - [main_program.py:66] - Procedure 01: Initializing application configuration
2025-11-13 18:07:51 - __main__ - DEBUG - [main_program.py:67] - Loading default configuration values
2025-11-13 18:07:51 - __main__ - INFO - [main_program.py:80] - Last week date: 2025-11-08
2025-11-13 18:07:51 - __main__ - INFO - [main_program.py:81] - Next week date: 2025-11-15
2025-11-13 18:07:51 - __main__ - INFO - [main_program.py:86] - Created next week agenda: 2025-11-15 Saturday Prayer Breakfast Agenda.md
2025-11-13 18:07:51 - __main__ - DEBUG - [main_program.py:87] - Copied from input/2025-11-08 Saturday Prayer Breakfast Agenda.md to output/2025-11-15 Saturday Prayer Breakfast Agenda.md
2025-11-13 18:07:51 - root - DEBUG - [main_program.py:274] - Procedure 1 completed successfully
2025-11-13 18:07:51 - root - DEBUG - [main_program.py:268] - Executing procedure 2 of 20
2025-11-13 18:07:51 - __main__ - INFO - [main_program.py:99] - Procedure 02: Validating system requirements
2025-11-13 18:07:51 - __main__ - DEBUG - [main_program.py:100] - Checking Python version and dependencies
2025-11-13 18:07:51 - root - DEBUG - [main_program.py:274] - Procedure 2 completed successfully
2025-11-13 18:07:51 - root - DEBUG - [main_program.py:268] - Executing procedure 3 of 20
2025-11-13 18:07:51 - __main__ - INFO - [main_program.py:107] - Procedure 03: Loading environment variables
2025-11-13 18:07:51 - __main__ - DEBUG - [main_program.py:108] - Reading .env file if exists
2025-11-13 18:07:51 - root - DEBUG - [main_program.py:274] - Procedure 3 completed successfully
2025-11-13 18:07:51 - root - DEBUG - [main_program.py:268] - Executing procedure 4 of 20
2025-11-13 18:07:51 - __main__ - INFO - [main_program.py:115] - Procedure 04: Establishing database connection
2025-11-13 18:07:51 - __main__ - DEBUG - [main_program.py:116] - Database connection parameters validated
2025-11-13 18:07:51 - root - DEBUG - [main_program.py:274] - Procedure 4 completed successfully
2025-11-13 18:07:51 - root - DEBUG - [main_program.py:268] - Executing procedure 5 of 20
2025-11-13 18:07:51 - __main__ - INFO - [main_program.py:123] - Procedure 05: Initializing cache system
2025-11-13 18:07:51 - __main__ - DEBUG - [main_program.py:124] - Cache directory created successfully
2025-11-13 18:07:51 - root - DEBUG - [main_program.py:274] - Procedure 5 completed successfully
2025-11-13 18:07:51 - root - DEBUG - [main_program.py:268] - Executing procedure 6 of 20
2025-11-13 18:07:51 - __main__ - INFO - [main_program.py:131] - Procedure 06: Loading user preferences
2025-11-13 18:07:51 - __main__ - DEBUG - [main_program.py:132] - User preferences loaded from config file
2025-11-13 18:07:51 - root - DEBUG - [main_program.py:274] - Procedure 6 completed successfully
2025-11-13 18:07:51 - root - DEBUG - [main_program.py:268] - Executing procedure 7 of 20
2025-11-13 18:07:51 - __main__ - INFO - [main_program.py:139] - Procedure 07: Setting up security protocols
2025-11-13 18:07:51 - __main__ - DEBUG - [main_program.py:140] - Encryption keys validated
2025-11-13 18:07:51 - root - DEBUG - [main_program.py:274] - Procedure 7 completed successfully
2025-11-13 18:07:51 - root - DEBUG - [main_program.py:268] - Executing procedure 8 of 20
2025-11-13 18:07:51 - __main__ - INFO - [main_program.py:147] - Procedure 08: Initializing API connections
2025-11-13 18:07:51 - __main__ - DEBUG - [main_program.py:148] - API endpoints configured
2025-11-13 18:07:51 - root - DEBUG - [main_program.py:274] - Procedure 8 completed successfully
2025-11-13 18:07:51 - root - DEBUG - [main_program.py:268] - Executing procedure 9 of 20
2025-11-13 18:07:51 - __main__ - INFO - [main_program.py:155] - Procedure 09: Loading data models
2025-11-13 18:07:51 - __main__ - DEBUG - [main_program.py:156] - Data schemas validated
2025-11-13 18:07:51 - root - DEBUG - [main_program.py:274] - Procedure 9 completed successfully
2025-11-13 18:07:51 - root - DEBUG - [main_program.py:268] - Executing procedure 10 of 20
2025-11-13 18:07:51 - __main__ - INFO - [main_program.py:163] - Procedure 10: Setting up notification system
2025-11-13 18:07:51 - __main__ - DEBUG - [main_program.py:164] - Notification channels configured
2025-11-13 18:07:51 - root - DEBUG - [main_program.py:274] - Procedure 10 completed successfully
2025-11-13 18:07:51 - root - DEBUG - [main_program.py:268] - Executing procedure 11 of 20
2025-11-13 18:07:51 - __main__ - INFO - [main_program.py:171] - Procedure 11: Initializing background tasks
2025-11-13 18:07:51 - __main__ - DEBUG - [main_program.py:172] - Task scheduler started
2025-11-13 18:07:51 - root - DEBUG - [main_program.py:274] - Procedure 11 completed successfully
2025-11-13 18:07:51 - root - DEBUG - [main_program.py:268] - Executing procedure 12 of 20
2025-11-13 18:07:51 - __main__ - INFO - [main_program.py:179] - Procedure 12: Setting up monitoring system
2025-11-13 18:07:51 - __main__ - DEBUG - [main_program.py:180] - Performance metrics enabled
2025-11-13 18:07:51 - root - DEBUG - [main_program.py:274] - Procedure 12 completed successfully
2025-11-13 18:07:51 - root - DEBUG - [main_program.py:268] - Executing procedure 13 of 20
2025-11-13 18:07:51 - __main__ - INFO - [main_program.py:187] - Procedure 13: Loading plugins and extensions
2025-11-13 18:07:51 - __main__ - DEBUG - [main_program.py:188] - Plugin directory scanned
2025-11-13 18:07:51 - root - DEBUG - [main_program.py:274] - Procedure 13 completed successfully
2025-11-13 18:07:51 - root - DEBUG - [main_program.py:268] - Executing procedure 14 of 20
2025-11-13 18:07:51 - __main__ - INFO - [main_program.py:195] - Procedure 14: Initializing session management
2025-11-13 18:07:51 - __main__ - DEBUG - [main_program.py:196] - Session storage configured
2025-11-13 18:07:51 - root - DEBUG - [main_program.py:274] - Procedure 14 completed successfully
2025-11-13 18:07:51 - root - DEBUG - [main_program.py:268] - Executing procedure 15 of 20
2025-11-13 18:07:51 - __main__ - INFO - [main_program.py:203] - Procedure 15: Setting up error handling
2025-11-13 18:07:51 - __main__ - DEBUG - [main_program.py:204] - Global exception handler registered
2025-11-13 18:07:51 - root - DEBUG - [main_program.py:274] - Procedure 15 completed successfully
2025-11-13 18:07:51 - root - DEBUG - [main_program.py:268] - Executing procedure 16 of 20
2025-11-13 18:07:51 - __main__ - INFO - [main_program.py:211] - Procedure 16: Loading resource files
2025-11-13 18:07:51 - __main__ - DEBUG - [main_program.py:212] - Static resources indexed
2025-11-13 18:07:51 - root - DEBUG - [main_program.py:274] - Procedure 16 completed successfully
2025-11-13 18:07:51 - root - DEBUG - [main_program.py:268] - Executing procedure 17 of 20
2025-11-13 18:07:51 - __main__ - INFO - [main_program.py:219] - Procedure 17: Initializing data validation
2025-11-13 18:07:51 - __main__ - DEBUG - [main_program.py:220] - Validation rules compiled
2025-11-13 18:07:51 - root - DEBUG - [main_program.py:274] - Procedure 17 completed successfully
2025-11-13 18:07:51 - root - DEBUG - [main_program.py:268] - Executing procedure 18 of 20
2025-11-13 18:07:51 - __main__ - INFO - [main_program.py:227] - Procedure 18: Setting up backup system
2025-11-13 18:07:51 - __main__ - DEBUG - [main_program.py:228] - Backup schedule configured
2025-11-13 18:07:51 - root - DEBUG - [main_program.py:274] - Procedure 18 completed successfully
2025-11-13 18:07:51 - root - DEBUG - [main_program.py:268] - Executing procedure 19 of 20
2025-11-13 18:07:51 - __main__ - INFO - [main_program.py:235] - Procedure 19: Initializing analytics
2025-11-13 18:07:51 - __main__ - DEBUG - [main_program.py:236] - Analytics endpoints ready
2025-11-13 18:07:51 - root - DEBUG - [main_program.py:274] - Procedure 19 completed successfully
2025-11-13 18:07:51 - root - DEBUG - [main_program.py:268] - Executing procedure 20 of 20
2025-11-13 18:07:51 - __main__ - INFO - [main_program.py:243] - Procedure 20: Finalizing startup sequence
2025-11-13 18:07:51 - __main__ - DEBUG - [main_program.py:244] - All systems operational
2025-11-13 18:07:51 - root - DEBUG - [main_program.py:274] - Procedure 20 completed successfully
2025-11-13 18:07:51 - root - INFO - [main_program.py:284] - ============================================================
2025-11-13 18:07:51 - root - INFO - [main_program.py:285] - Execution Summary
2025-11-13 18:07:51 - root - INFO - [main_program.py:286] - ============================================================
2025-11-13 18:07:51 - root - INFO - [main_program.py:287] - Total Procedures: 20
2025-11-13 18:07:51 - root - INFO - [main_program.py:288] - Successful: 20
2025-11-13 18:07:51 - root - INFO - [main_program.py:289] - Failed: 0
2025-11-13 18:07:51 - root - INFO - [main_program.py:290] - ============================================================
2025-11-13 18:07:51 - root - INFO - [main_program.py:293] - Application started successfully!
